<?xml version="1.0" encoding="UTF-8"?>
<testsuite xmlns:xsi="http://www.w3.org/2001/XMLSchema-instance" xsi:noNamespaceSchemaLocation="https://maven.apache.org/surefire/maven-surefire-plugin/xsd/surefire-test-report.xsd" name="aidancrowther.blackjack.BlackJackTest" time="0.06" tests="50" errors="0" skipped="0" failures="0">
  <properties>
[...]
</properties>
  <testcase name="CheckBlockInvalidSplit" classname="aidancrowther.blackjack.BlackJackTest" time="0"/>
  <testcase name="CheckSetupFileGame" classname="aidancrowther.blackjack.BlackJackTest" time="0.001"/>
  <testcase name="CheckSetupGame" classname="aidancrowther.blackjack.BlackJackTest" time="0.001"/>
  <testcase name="CheckDSBJ" classname="aidancrowther.blackjack.BlackJackTest" time="0.001"/>
  <testcase name="CheckDSFW" classname="aidancrowther.blackjack.BlackJackTest" time="0"/>
  <testcase name="CheckDSSW" classname="aidancrowther.blackjack.BlackJackTest" time="0.001"/>
  <testcase name="CheckPSBJ" classname="aidancrowther.blackjack.BlackJackTest" time="0.001"/>
  <testcase name="CheckPSFW" classname="aidancrowther.blackjack.BlackJackTest" time="0"/>
  <testcase name="CheckPSSW" classname="aidancrowther.blackjack.BlackJackTest" time="0"/>
  <testcase name="CheckBB" classname="aidancrowther.blackjack.BlackJackTest" time="0.001"/>
  <testcase name="CheckDB" classname="aidancrowther.blackjack.BlackJackTest" time="0"/>
  <testcase name="CheckDW" classname="aidancrowther.blackjack.BlackJackTest" time="0"/>
  <testcase name="CheckPB" classname="aidancrowther.blackjack.BlackJackTest" time="0"/>
  <testcase name="CheckPW" classname="aidancrowther.blackjack.BlackJackTest" time="0"/>
  <testcase name="CheckST" classname="aidancrowther.blackjack.BlackJackTest" time="0.001"/>
  <testcase name="CheckInvalidFileInput" classname="aidancrowther.blackjack.BlackJackTest" time="0.011"/>
  <testcase name="CheckYesReplay" classname="aidancrowther.blackjack.BlackJackTest" time="0.001"/>
  <testcase name="CheckPlayerStand" classname="aidancrowther.blackjack.BlackJackTest" time="0"/>
  <testcase name="CheckCommandInput" classname="aidancrowther.blackjack.BlackJackTest" time="0.001"/>
  <testcase name="CheckPlayerHit" classname="aidancrowther.blackjack.BlackJackTest" time="0"/>
  <testcase name="CheckBJSplit" classname="aidancrowther.blackjack.BlackJackTest" time="0.001"/>
  <testcase name="CheckFileInput" classname="aidancrowther.blackjack.BlackJackTest" time="0.001"/>
  <testcase name="CheckNoReplay" classname="aidancrowther.blackjack.BlackJackTest" time="0"/>
  <testcase name="CheckAllowValidSplit" classname="aidancrowther.blackjack.BlackJackTest" time="0"/>
  <testcase name="CheckInvalidFileRejected" classname="aidancrowther.blackjack.BlackJackTest" time="0.002"/>
  <testcase name="CheckPlayerInputInvalid" classname="aidancrowther.blackjack.BlackJackTest" time="0"/>
  <testcase name="CheckDisplayEnding" classname="aidancrowther.blackjack.BlackJackTest" time="0.001"/>
  <testcase name="CheckDuplicateFileRejected" classname="aidancrowther.blackjack.BlackJackTest" time="0.001"/>
  <testcase name="CheckInitialBJD" classname="aidancrowther.blackjack.BlackJackTest" time="0.001"/>
  <testcase name="CheckInitialBJP" classname="aidancrowther.blackjack.BlackJackTest" time="0.002"/>
  <testcase name="CheckInvalidReplay" classname="aidancrowther.blackjack.BlackJackTest" time="0.001"/>
  <testcase name="CheckFileValidInput" classname="aidancrowther.blackjack.BlackJackTest" time="0"/>
  <testcase name="CheckDisplayPlaying" classname="aidancrowther.blackjack.BlackJackTest" time="0"/>
  <testcase name="CheckDSFBW" classname="aidancrowther.blackjack.BlackJackTest" time="0"/>
  <testcase name="CheckDSSBW" classname="aidancrowther.blackjack.BlackJackTest" time="0.001"/>
  <testcase name="CheckPSFBW" classname="aidancrowther.blackjack.BlackJackTest" time="0"/>
  <testcase name="CheckPSSBW" classname="aidancrowther.blackjack.BlackJackTest" time="0"/>
  <testcase name="CheckBBJ" classname="aidancrowther.blackjack.BlackJackTest" time="0"/>
  <testcase name="CheckPBJ" classname="aidancrowther.blackjack.BlackJackTest" time="0.001"/>
  <testcase name="CheckGameplayF1" classname="aidancrowther.blackjack.BlackJackTest" time="0.001"/>
  <testcase name="CheckGameplayF2" classname="aidancrowther.blackjack.BlackJackTest" time="0.003"/>
  <testcase name="CheckGameplayF3" classname="aidancrowther.blackjack.BlackJackTest" time="0.003"/>
  <testcase name="CheckGameplayF4" classname="aidancrowther.blackjack.BlackJackTest" time="0.003"/>
  <testcase name="CheckGameplayF5" classname="aidancrowther.blackjack.BlackJackTest" time="0.004"/>
  <testcase name="CheckGameplayF6" classname="aidancrowther.blackjack.BlackJackTest" time="0.001"/>
  <testcase name="CheckGameplayF7" classname="aidancrowther.blackjack.BlackJackTest" time="0.003"/>
  <testcase name="CheckInvalidCatch" classname="aidancrowther.blackjack.BlackJackTest" time="0.001"/>
  <testcase name="CheckT" classname="aidancrowther.blackjack.BlackJackTest" time="0"/>
  <testcase name="CheckDealingDeck" classname="aidancrowther.blackjack.BlackJackTest" time="0"/>
  <testcase name="CheckDealingFile" classname="aidancrowther.blackjack.BlackJackTest" time="0"/>
</testsuite>